{"name": "test_InvalidUsername_and_InvalidPassword", "status": "broken", "statusDetails": {"message": "selenium.common.exceptions.NoSuchElementException: Message: no such element: Unable to locate element: {\"method\":\"xpath\",\"selector\":\"//input[@id=\"password\"]\"}\n  (Session info: chrome=116.0.5845.188); For documentation on this error, please visit: https://www.selenium.dev/documentation/webdriver/troubleshooting/errors#no-such-element-exception\nStacktrace:\n\tGetHandleVerifier [0x00ED37C3+48947]\n\t(No symbol) [0x00E68551]\n\t(No symbol) [0x00D6C92D]\n\t(No symbol) [0x00D99E38]\n\t(No symbol) [0x00D99EFB]\n\t(No symbol) [0x00DC8EF2]\n\t(No symbol) [0x00DB50D4]\n\t(No symbol) [0x00DC75DA]\n\t(No symbol) [0x00DB4E86]\n\t(No symbol) [0x00D916C7]\n\t(No symbol) [0x00D9284D]\n\tGetHandleVerifier [0x0111FDF9+2458985]\n\tGetHandleVerifier [0x0116744F+2751423]\n\tGetHandleVerifier [0x01161361+2726609]\n\tGetHandleVerifier [0x00F50680+560624]\n\t(No symbol) [0x00E7238C]\n\t(No symbol) [0x00E6E268]\n\t(No symbol) [0x00E6E392]\n\t(No symbol) [0x00E610B7]\n\tBaseThreadInitThunk [0x76947BA9+25]\n\tRtlInitializeExceptionChain [0x77EBB79B+107]\n\tRtlClearBits [0x77EBB71F+191]", "trace": "self = <KitaabDesktop.LoginMain.TestLoginPage object at 0x0000025D64EFDAD0>\n\n    def test_InvalidUsername_and_InvalidPassword(self):\n        EnterUserName = driver.find_element(By.XPATH, '//input[@id =\"emailOrPhoneNum\"]')\n        highlight_element(EnterUserName, driver)\n        EnterUserName.send_keys(\"devuser@lotusinsight.in\")\n        allure.attach(driver.get_screenshot_as_png(), name=\"EnterUserName\",\n                      attachment_type=allure.attachment_type.PNG)\n        time.sleep(5)\n    \n        ClickNextButton = driver.find_element(By.XPATH, \"//button[text()='Next']\")\n        highlight_element(ClickNextButton, driver)\n        ClickNextButton.click()\n        allure.attach(driver.get_screenshot_as_png(), name=\"ClickNextButton\",\n                      attachment_type=allure.attachment_type.PNG)\n        time.sleep(5)\n    \n>       EnterPassword = driver.find_element(By.XPATH, '//input[@id=\"password\"]')\n\nKitaabDesktop\\LoginMain.py:161: \n_ _ _ _ _ _ _ _ _ _ _ _ _ _ _ _ _ _ _ _ _ _ _ _ _ _ _ _ _ _ _ _ _ _ _ _ _ _ _ _ _ _ _ _ _ _ _ _ _ _ _ _ _ _ _ _ _ _ _ _ _ _ _ _ _ _ _ _ _ _ _ _ _ _\nvenv\\Lib\\site-packages\\selenium\\webdriver\\remote\\webdriver.py:738: in find_element\n    return self.execute(Command.FIND_ELEMENT, {\"using\": by, \"value\": value})[\"value\"]\nvenv\\Lib\\site-packages\\selenium\\webdriver\\remote\\webdriver.py:344: in execute\n    self.error_handler.check_response(response)\n_ _ _ _ _ _ _ _ _ _ _ _ _ _ _ _ _ _ _ _ _ _ _ _ _ _ _ _ _ _ _ _ _ _ _ _ _ _ _ _ _ _ _ _ _ _ _ _ _ _ _ _ _ _ _ _ _ _ _ _ _ _ _ _ _ _ _ _ _ _ _ _ _ _\n\nself = <selenium.webdriver.remote.errorhandler.ErrorHandler object at 0x0000025D640714D0>\nresponse = {'status': 404, 'value': '{\"value\":{\"error\":\"no such element\",\"message\":\"no such element: Unable to locate element: {\\...dInitThunk [0x76947BA9+25]\\\\n\\\\tRtlInitializeExceptionChain [0x77EBB79B+107]\\\\n\\\\tRtlClearBits [0x77EBB71F+191]\\\\n\"}}'}\n\n    def check_response(self, response: Dict[str, Any]) -> None:\n        \"\"\"Checks that a JSON response from the WebDriver does not have an\n        error.\n    \n        :Args:\n         - response - The JSON response from the WebDriver server as a dictionary\n           object.\n    \n        :Raises: If the response contains an error message.\n        \"\"\"\n        status = response.get(\"status\", None)\n        if not status or status == ErrorCode.SUCCESS:\n            return\n        value = None\n        message = response.get(\"message\", \"\")\n        screen: str = response.get(\"screen\", \"\")\n        stacktrace = None\n        if isinstance(status, int):\n            value_json = response.get(\"value\", None)\n            if value_json and isinstance(value_json, str):\n                import json\n    \n                try:\n                    value = json.loads(value_json)\n                    if len(value) == 1:\n                        value = value[\"value\"]\n                    status = value.get(\"error\", None)\n                    if not status:\n                        status = value.get(\"status\", ErrorCode.UNKNOWN_ERROR)\n                        message = value.get(\"value\") or value.get(\"message\")\n                        if not isinstance(message, str):\n                            value = message\n                            message = message.get(\"message\")\n                    else:\n                        message = value.get(\"message\", None)\n                except ValueError:\n                    pass\n    \n        exception_class: Type[WebDriverException]\n        e = ErrorCode()\n        error_codes = [item for item in dir(e) if not item.startswith(\"__\")]\n        for error_code in error_codes:\n            error_info = getattr(ErrorCode, error_code)\n            if isinstance(error_info, list) and status in error_info:\n                exception_class = getattr(ExceptionMapping, error_code, WebDriverException)\n                break\n        else:\n            exception_class = WebDriverException\n    \n        if not value:\n            value = response[\"value\"]\n        if isinstance(value, str):\n            raise exception_class(value)\n        if message == \"\" and \"message\" in value:\n            message = value[\"message\"]\n    \n        screen = None  # type: ignore[assignment]\n        if \"screen\" in value:\n            screen = value[\"screen\"]\n    \n        stacktrace = None\n        st_value = value.get(\"stackTrace\") or value.get(\"stacktrace\")\n        if st_value:\n            if isinstance(st_value, str):\n                stacktrace = st_value.split(\"\\n\")\n            else:\n                stacktrace = []\n                try:\n                    for frame in st_value:\n                        line = frame.get(\"lineNumber\", \"\")\n                        file = frame.get(\"fileName\", \"<anonymous>\")\n                        if line:\n                            file = f\"{file}:{line}\"\n                        meth = frame.get(\"methodName\", \"<anonymous>\")\n                        if \"className\" in frame:\n                            meth = f\"{frame['className']}.{meth}\"\n                        msg = \"    at %s (%s)\"\n                        msg = msg % (meth, file)\n                        stacktrace.append(msg)\n                except TypeError:\n                    pass\n        if exception_class == UnexpectedAlertPresentException:\n            alert_text = None\n            if \"data\" in value:\n                alert_text = value[\"data\"].get(\"text\")\n            elif \"alert\" in value:\n                alert_text = value[\"alert\"].get(\"text\")\n            raise exception_class(message, screen, stacktrace, alert_text)  # type: ignore[call-arg]  # mypy is not smart enough here\n>       raise exception_class(message, screen, stacktrace)\nE       selenium.common.exceptions.NoSuchElementException: Message: no such element: Unable to locate element: {\"method\":\"xpath\",\"selector\":\"//input[@id=\"password\"]\"}\nE         (Session info: chrome=116.0.5845.188); For documentation on this error, please visit: https://www.selenium.dev/documentation/webdriver/troubleshooting/errors#no-such-element-exception\nE       Stacktrace:\nE       \tGetHandleVerifier [0x00ED37C3+48947]\nE       \t(No symbol) [0x00E68551]\nE       \t(No symbol) [0x00D6C92D]\nE       \t(No symbol) [0x00D99E38]\nE       \t(No symbol) [0x00D99EFB]\nE       \t(No symbol) [0x00DC8EF2]\nE       \t(No symbol) [0x00DB50D4]\nE       \t(No symbol) [0x00DC75DA]\nE       \t(No symbol) [0x00DB4E86]\nE       \t(No symbol) [0x00D916C7]\nE       \t(No symbol) [0x00D9284D]\nE       \tGetHandleVerifier [0x0111FDF9+2458985]\nE       \tGetHandleVerifier [0x0116744F+2751423]\nE       \tGetHandleVerifier [0x01161361+2726609]\nE       \tGetHandleVerifier [0x00F50680+560624]\nE       \t(No symbol) [0x00E7238C]\nE       \t(No symbol) [0x00E6E268]\nE       \t(No symbol) [0x00E6E392]\nE       \t(No symbol) [0x00E610B7]\nE       \tBaseThreadInitThunk [0x76947BA9+25]\nE       \tRtlInitializeExceptionChain [0x77EBB79B+107]\nE       \tRtlClearBits [0x77EBB71F+191]\n\nvenv\\Lib\\site-packages\\selenium\\webdriver\\remote\\errorhandler.py:229: NoSuchElementException"}, "attachments": [{"name": "EnterUserName", "source": "09de19ae-898a-4a66-b58b-e8f57d2ef9b2-attachment.png", "type": "image/png"}, {"name": "ClickNextButton", "source": "1ecbf4c6-fc8d-41fa-9205-135fdb2373c8-attachment.png", "type": "image/png"}], "start": 1695209695884, "stop": 1695209710908, "uuid": "f0ad46b5-1a3e-487f-a207-159e3d7af18f", "historyId": "962d0f45b07e72455bd403d8f179362f", "testCaseId": "962d0f45b07e72455bd403d8f179362f", "fullName": "KitaabDesktop.LoginMain.TestLoginPage#test_InvalidUsername_and_InvalidPassword", "labels": [{"name": "severity", "value": "critical"}, {"name": "parentSuite", "value": "KitaabDesktop"}, {"name": "suite", "value": "LoginMain"}, {"name": "subSuite", "value": "TestLoginPage"}, {"name": "host", "value": "9599-IT-dinesh"}, {"name": "thread", "value": "3296-MainThread"}, {"name": "framework", "value": "pytest"}, {"name": "language", "value": "cpython3"}, {"name": "package", "value": "KitaabDesktop.LoginMain"}]}